ubuntu | SUCCESS => {
    "ansible_facts": {
        "ansible_all_ipv4_addresses": [
            "192.168.0.251"
        ],
        "ansible_all_ipv6_addresses": [
            "fe80::216:3eff:fe30:b288"
        ],
        "ansible_apparmor": {
            "status": "enabled"
        },
        "ansible_architecture": "x86_64",
        "ansible_bios_date": "04/01/2014",
        "ansible_bios_vendor": "SeaBIOS",
        "ansible_bios_version": "8f19b21",
        "ansible_board_asset_tag": "NA",
        "ansible_board_name": "NA",
        "ansible_board_serial": "NA",
        "ansible_board_vendor": "NA",
        "ansible_board_version": "NA",
        "ansible_chassis_asset_tag": "NA",
        "ansible_chassis_serial": "NA",
        "ansible_chassis_vendor": "Alibaba Cloud",
        "ansible_chassis_version": "pc-i440fx-2.1",
        "ansible_cmdline": {
            "BOOT_IMAGE": "/boot/vmlinuz-5.10.0-10-amd64",
            "console": "ttyS0,115200n8",
            "iommu": "pt",
            "net.ifnames": "0",
            "noibrs": true,
            "nvme_core.admin_timeout": "4294967295",
            "nvme_core.io_timeout": "4294967295",
            "nvme_core.multipath": "n",
            "quiet": true,
            "ro": true,
            "root": "UUID=b54ea2bf-0997-4f2e-b4c3-5cced50e5fed",
            "vga": "792"
        },
        "ansible_date_time": {
            "date": "2022-01-27",
            "day": "27",
            "epoch": "1643263200",
            "hour": "14",
            "iso8601": "2022-01-27T06:00:00Z",
            "iso8601_basic": "20220127T140000051394",
            "iso8601_basic_short": "20220127T140000",
            "iso8601_micro": "2022-01-27T06:00:00.051394Z",
            "minute": "00",
            "month": "01",
            "second": "00",
            "time": "14:00:00",
            "tz": "CST",
            "tz_dst": "CST",
            "tz_offset": "+0800",
            "weekday": "Thursday",
            "weekday_number": "4",
            "weeknumber": "04",
            "year": "2022"
        },
        "ansible_default_ipv4": {
            "address": "192.168.0.251",
            "alias": "eth0",
            "broadcast": "192.168.0.255",
            "gateway": "192.168.0.253",
            "interface": "eth0",
            "macaddress": "00:16:3e:30:b2:88",
            "mtu": 1500,
            "netmask": "255.255.255.0",
            "network": "192.168.0.0",
            "type": "ether"
        },
        "ansible_default_ipv6": {},
        "ansible_device_links": {
            "ids": {
                "vda": [
                    "virtio-uf686a5zkkp180swsb07"
                ],
                "vda1": [
                    "virtio-uf686a5zkkp180swsb07-part1"
                ]
            },
            "labels": {
                "vda1": [
                    "\\x2f"
                ]
            },
            "masters": {},
            "uuids": {
                "vda1": [
                    "b54ea2bf-0997-4f2e-b4c3-5cced50e5fed"
                ]
            }
        },
        "ansible_devices": {
            "vda": {
                "holders": [],
                "host": "SCSI storage controller: Red Hat, Inc. Virtio block device",
                "links": {
                    "ids": [
                        "virtio-uf686a5zkkp180swsb07"
                    ],
                    "labels": [],
                    "masters": [],
                    "uuids": []
                },
                "model": null,
                "partitions": {
                    "vda1": {
                        "holders": [],
                        "links": {
                            "ids": [
                                "virtio-uf686a5zkkp180swsb07-part1"
                            ],
                            "labels": [
                                "\\x2f"
                            ],
                            "masters": [],
                            "uuids": [
                                "b54ea2bf-0997-4f2e-b4c3-5cced50e5fed"
                            ]
                        },
                        "sectors": "83883999",
                        "sectorsize": 512,
                        "size": "40.00 GB",
                        "start": "2048",
                        "uuid": "b54ea2bf-0997-4f2e-b4c3-5cced50e5fed"
                    }
                },
                "removable": "0",
                "rotational": "1",
                "sas_address": null,
                "sas_device_handle": null,
                "scheduler_mode": "mq-deadline",
                "sectors": "83886080",
                "sectorsize": "512",
                "size": "40.00 GB",
                "support_discard": "0",
                "vendor": "0x1af4",
                "virtual": 1
            }
        },
        "ansible_distribution": "Debian",
        "ansible_distribution_file_parsed": true,
        "ansible_distribution_file_path": "/etc/os-release",
        "ansible_distribution_file_variety": "Debian",
        "ansible_distribution_major_version": "11",
        "ansible_distribution_release": "bullseye",
        "ansible_distribution_version": "11",
        "ansible_dns": {
            "nameservers": [
                "100.100.2.136",
                "100.100.2.138"
            ],
            "options": {
                "attempts": "3",
                "rotate": true,
                "single-request-reopen": true,
                "timeout": "2"
            }
        },
        "ansible_domain": "",
        "ansible_effective_group_id": 0,
        "ansible_effective_user_id": 0,
        "ansible_env": {
            "HOME": "/root",
            "LANG": "en_US.UTF-8",
            "LOGNAME": "root",
            "MOTD_SHOWN": "pam",
            "PATH": "/usr/local/sbin:/usr/local/bin:/usr/sbin:/usr/bin:/sbin:/bin",
            "PWD": "/root",
            "SHELL": "/bin/bash",
            "SHLVL": "0",
            "SSH_CLIENT": "192.168.0.250 51314 22",
            "SSH_CONNECTION": "192.168.0.250 51314 192.168.0.251 22",
            "SSH_TTY": "/dev/pts/0",
            "TERM": "xterm",
            "USER": "root",
            "XDG_RUNTIME_DIR": "/run/user/0",
            "XDG_SESSION_CLASS": "user",
            "XDG_SESSION_ID": "1",
            "XDG_SESSION_TYPE": "tty",
            "_": "/bin/sh"
        },
        "ansible_eth0": {
            "active": true,
            "device": "eth0",
            "features": {
                "esp_hw_offload": "off [fixed]",
                "esp_tx_csum_hw_offload": "off [fixed]",
                "fcoe_mtu": "off [fixed]",
                "generic_receive_offload": "on",
                "generic_segmentation_offload": "on",
                "highdma": "on [fixed]",
                "hw_tc_offload": "off [fixed]",
                "l2_fwd_offload": "off [fixed]",
                "large_receive_offload": "off [fixed]",
                "loopback": "off [fixed]",
                "macsec_hw_offload": "off [fixed]",
                "netns_local": "off [fixed]",
                "ntuple_filters": "off [fixed]",
                "receive_hashing": "off [fixed]",
                "rx_all": "off [fixed]",
                "rx_checksumming": "on [fixed]",
                "rx_fcs": "off [fixed]",
                "rx_gro_hw": "on [fixed]",
                "rx_gro_list": "off",
                "rx_udp_tunnel_port_offload": "off [fixed]",
                "rx_vlan_filter": "off [fixed]",
                "rx_vlan_offload": "off [fixed]",
                "rx_vlan_stag_filter": "off [fixed]",
                "rx_vlan_stag_hw_parse": "off [fixed]",
                "scatter_gather": "on",
                "tcp_segmentation_offload": "on",
                "tls_hw_record": "off [fixed]",
                "tls_hw_rx_offload": "off [fixed]",
                "tls_hw_tx_offload": "off [fixed]",
                "tx_checksum_fcoe_crc": "off [fixed]",
                "tx_checksum_ip_generic": "on",
                "tx_checksum_ipv4": "off [fixed]",
                "tx_checksum_ipv6": "off [fixed]",
                "tx_checksum_sctp": "off [fixed]",
                "tx_checksumming": "on",
                "tx_esp_segmentation": "off [fixed]",
                "tx_fcoe_segmentation": "off [fixed]",
                "tx_gre_csum_segmentation": "off [fixed]",
                "tx_gre_segmentation": "off [fixed]",
                "tx_gso_list": "off [fixed]",
                "tx_gso_partial": "off [fixed]",
                "tx_gso_robust": "on [fixed]",
                "tx_ipxip4_segmentation": "off [fixed]",
                "tx_ipxip6_segmentation": "off [fixed]",
                "tx_lockless": "off [fixed]",
                "tx_nocache_copy": "off",
                "tx_scatter_gather": "on",
                "tx_scatter_gather_fraglist": "off [fixed]",
                "tx_sctp_segmentation": "off [fixed]",
                "tx_tcp6_segmentation": "on",
                "tx_tcp_ecn_segmentation": "on",
                "tx_tcp_mangleid_segmentation": "off",
                "tx_tcp_segmentation": "on",
                "tx_tunnel_remcsum_segmentation": "off [fixed]",
                "tx_udp_segmentation": "off [fixed]",
                "tx_udp_tnl_csum_segmentation": "off [fixed]",
                "tx_udp_tnl_segmentation": "off [fixed]",
                "tx_vlan_offload": "off [fixed]",
                "tx_vlan_stag_hw_insert": "off [fixed]",
                "vlan_challenged": "off [fixed]"
            },
            "hw_timestamp_filters": [],
            "ipv4": {
                "address": "192.168.0.251",
                "broadcast": "192.168.0.255",
                "netmask": "255.255.255.0",
                "network": "192.168.0.0"
            },
            "ipv6": [
                {
                    "address": "fe80::216:3eff:fe30:b288",
                    "prefix": "64",
                    "scope": "link"
                }
            ],
            "macaddress": "00:16:3e:30:b2:88",
            "module": "virtio_net",
            "mtu": 1500,
            "pciid": "virtio2",
            "promisc": false,
            "speed": -1,
            "timestamping": [],
            "type": "ether"
        },
        "ansible_fibre_channel_wwn": [],
        "ansible_fips": false,
        "ansible_form_factor": "Other",
        "ansible_fqdn": "iZuf6e2wna987uxv32zof2Z",
        "ansible_hostname": "iZuf6e2wna987uxv32zof2Z",
        "ansible_hostnqn": "",
        "ansible_interfaces": [
            "eth0",
            "lo"
        ],
        "ansible_is_chroot": false,
        "ansible_iscsi_iqn": "",
        "ansible_kernel": "5.10.0-10-amd64",
        "ansible_kernel_version": "#1 SMP Debian 5.10.84-1 (2021-12-08)",
        "ansible_lo": {
            "active": true,
            "device": "lo",
            "features": {
                "esp_hw_offload": "off [fixed]",
                "esp_tx_csum_hw_offload": "off [fixed]",
                "fcoe_mtu": "off [fixed]",
                "generic_receive_offload": "on",
                "generic_segmentation_offload": "on",
                "highdma": "on [fixed]",
                "hw_tc_offload": "off [fixed]",
                "l2_fwd_offload": "off [fixed]",
                "large_receive_offload": "off [fixed]",
                "loopback": "on [fixed]",
                "macsec_hw_offload": "off [fixed]",
                "netns_local": "on [fixed]",
                "ntuple_filters": "off [fixed]",
                "receive_hashing": "off [fixed]",
                "rx_all": "off [fixed]",
                "rx_checksumming": "on [fixed]",
                "rx_fcs": "off [fixed]",
                "rx_gro_hw": "off [fixed]",
                "rx_gro_list": "off",
                "rx_udp_tunnel_port_offload": "off [fixed]",
                "rx_vlan_filter": "off [fixed]",
                "rx_vlan_offload": "off [fixed]",
                "rx_vlan_stag_filter": "off [fixed]",
                "rx_vlan_stag_hw_parse": "off [fixed]",
                "scatter_gather": "on",
                "tcp_segmentation_offload": "on",
                "tls_hw_record": "off [fixed]",
                "tls_hw_rx_offload": "off [fixed]",
                "tls_hw_tx_offload": "off [fixed]",
                "tx_checksum_fcoe_crc": "off [fixed]",
                "tx_checksum_ip_generic": "on [fixed]",
                "tx_checksum_ipv4": "off [fixed]",
                "tx_checksum_ipv6": "off [fixed]",
                "tx_checksum_sctp": "on [fixed]",
                "tx_checksumming": "on",
                "tx_esp_segmentation": "off [fixed]",
                "tx_fcoe_segmentation": "off [fixed]",
                "tx_gre_csum_segmentation": "off [fixed]",
                "tx_gre_segmentation": "off [fixed]",
                "tx_gso_list": "off [fixed]",
                "tx_gso_partial": "off [fixed]",
                "tx_gso_robust": "off [fixed]",
                "tx_ipxip4_segmentation": "off [fixed]",
                "tx_ipxip6_segmentation": "off [fixed]",
                "tx_lockless": "on [fixed]",
                "tx_nocache_copy": "off [fixed]",
                "tx_scatter_gather": "on [fixed]",
                "tx_scatter_gather_fraglist": "on [fixed]",
                "tx_sctp_segmentation": "on",
                "tx_tcp6_segmentation": "on",
                "tx_tcp_ecn_segmentation": "on",
                "tx_tcp_mangleid_segmentation": "on",
                "tx_tcp_segmentation": "on",
                "tx_tunnel_remcsum_segmentation": "off [fixed]",
                "tx_udp_segmentation": "off [fixed]",
                "tx_udp_tnl_csum_segmentation": "off [fixed]",
                "tx_udp_tnl_segmentation": "off [fixed]",
                "tx_vlan_offload": "off [fixed]",
                "tx_vlan_stag_hw_insert": "off [fixed]",
                "vlan_challenged": "on [fixed]"
            },
            "hw_timestamp_filters": [],
            "ipv4": {
                "address": "127.0.0.1",
                "broadcast": "",
                "netmask": "255.0.0.0",
                "network": "127.0.0.0"
            },
            "ipv6": [
                {
                    "address": "::1",
                    "prefix": "128",
                    "scope": "host"
                }
            ],
            "mtu": 65536,
            "promisc": false,
            "timestamping": [],
            "type": "loopback"
        },
        "ansible_local": {},
        "ansible_lsb": {
            "codename": "bullseye",
            "description": "Debian GNU/Linux 11 (bullseye)",
            "id": "Debian",
            "major_release": "11",
            "release": "11"
        },
        "ansible_machine": "x86_64",
        "ansible_machine_id": "0f04c7542c0e463d8cd3230cf5384acd",
        "ansible_memfree_mb": 1498,
        "ansible_memory_mb": {
            "nocache": {
                "free": 1774,
                "used": 127
            },
            "real": {
                "free": 1498,
                "total": 1901,
                "used": 403
            },
            "swap": {
                "cached": 0,
                "free": 0,
                "total": 0,
                "used": 0
            }
        },
        "ansible_memtotal_mb": 1901,
        "ansible_mounts": [
            {
                "block_available": 9413774,
                "block_size": 4096,
                "block_total": 10288203,
                "block_used": 874429,
                "device": "/dev/vda1",
                "fstype": "ext4",
                "inode_available": 2572982,
                "inode_total": 2621440,
                "inode_used": 48458,
                "mount": "/",
                "options": "rw,relatime,errors=remount-ro",
                "size_available": 38558818304,
                "size_total": 42140479488,
                "uuid": "b54ea2bf-0997-4f2e-b4c3-5cced50e5fed"
            }
        ],
        "ansible_nodename": "iZuf6e2wna987uxv32zof2Z",
        "ansible_os_family": "Debian",
        "ansible_pkg_mgr": "apt",
        "ansible_proc_cmdline": {
            "BOOT_IMAGE": "/boot/vmlinuz-5.10.0-10-amd64",
            "console": [
                "tty0",
                "ttyS0,115200n8"
            ],
            "iommu": "pt",
            "net.ifnames": "0",
            "noibrs": true,
            "nvme_core.admin_timeout": "4294967295",
            "nvme_core.io_timeout": "4294967295",
            "nvme_core.multipath": "n",
            "quiet": true,
            "ro": true,
            "root": "UUID=b54ea2bf-0997-4f2e-b4c3-5cced50e5fed",
            "vga": "792"
        },
        "ansible_processor": [
            "0",
            "GenuineIntel",
            "Intel(R) Xeon(R) Platinum 8269CY CPU @ 2.50GHz"
        ],
        "ansible_processor_cores": 1,
        "ansible_processor_count": 1,
        "ansible_processor_nproc": 1,
        "ansible_processor_threads_per_core": 1,
        "ansible_processor_vcpus": 1,
        "ansible_product_name": "Alibaba Cloud ECS",
        "ansible_product_serial": "578df4ce-61a4-4150-9a87-843d1c94dee0",
        "ansible_product_uuid": "578df4ce-61a4-4150-9a87-843d1c94dee0",
        "ansible_product_version": "pc-i440fx-2.1",
        "ansible_python": {
            "executable": "/usr/bin/python3",
            "has_sslcontext": true,
            "type": "cpython",
            "version": {
                "major": 3,
                "micro": 2,
                "minor": 9,
                "releaselevel": "final",
                "serial": 0
            },
            "version_info": [
                3,
                9,
                2,
                "final",
                0
            ]
        },
        "ansible_python_version": "3.9.2",
        "ansible_real_group_id": 0,
        "ansible_real_user_id": 0,
        "ansible_selinux": {
            "status": "disabled"
        },
        "ansible_selinux_python_present": true,
        "ansible_service_mgr": "systemd",
        "ansible_ssh_host_key_dsa_public": "AAAAB3NzaC1kc3MAAACBANOhYODhWTO15jLm5mfjZn+ydQQ7mSKp5RHJiuaYTfHLulyStoRvNdc9amo8XSy7cLGhw/mXqVj8bMtL3o1h49RjFl45JXhOEJjpv1Fy8ii+rUvfkQl+jDhmQa4zJCpX88WD3RkYJd2aEByCBBq0riN4JBSmM4ZHXRzO6L9Y6zq7AAAAFQDY311gLptDfHbxHvbwoTTdPSYqfwAAAIBUufFrKKb6kayaGuCUFBvXfVzABW8L2ni4pEcgtxFro7YtityTuVTSHte653JZTfaB/i+S9jdx7pRReZKUpqkX+TvYVVB7VCT1rQzbFAsedBKjNNRKt2Xr40IjjCx/P2qXqJFcq8LnKqqxPSi3oiG519NRBkZRjxTD5v3YLXmTWAAAAIBuRCbHdK9UtCvjBwhoBifj1wJfqdRhiFTPPMw2IF+XOHrBpIcpVVw37J1//VwZ2M6AuGfi3vi8INsbpqGCXR0d+bEvDJCeygag9r2/p9ZaSxDZaCHH29FLTWV6DijEqOjceFL7Es9OUgf3k2wnMUJx19tAoZy7WTI6BbUWkAtZAQ==",
        "ansible_ssh_host_key_dsa_public_keytype": "ssh-dss",
        "ansible_ssh_host_key_ecdsa_public": "AAAAE2VjZHNhLXNoYTItbmlzdHAyNTYAAAAIbmlzdHAyNTYAAABBBAiRQNGg8QaMDw8aIIzx2Hd+m3vKhy0BST8SNAAo8optWRRoLQu3Ex+A8o/3n1Nn/VHrYeUjiwLCevLU1UldiZc=",
        "ansible_ssh_host_key_ecdsa_public_keytype": "ecdsa-sha2-nistp256",
        "ansible_ssh_host_key_ed25519_public": "AAAAC3NzaC1lZDI1NTE5AAAAILfOO0E0u1Y6lhkr/n3TtTYmTCyGzPZh7vLZ+mYaWyfk",
        "ansible_ssh_host_key_ed25519_public_keytype": "ssh-ed25519",
        "ansible_ssh_host_key_rsa_public": "AAAAB3NzaC1yc2EAAAADAQABAAABgQC439h4rpYZYH3Xm38XutztYHTnGcPZjqjHbydB8/kwYulwGO+KLNvdkPy1a6P8kVpcEvG0vY3N8VHOksXWUby2kRqlu4Pa4RxUw3p2NG2H5FjXiOv87N09tJq8HO8s+oyNjIk5UIblAt0nZIaX/jCtJN/o+0CkF+NLCTk8nfXyz+UjImlAHQqyRO9c5mUFvaSPz9jdlW57NzULF4v/R/WeqrvWUApfmZYuR/wuUUzyNepiaxpQ66fo7uFAQlw/1H7dYP+W4h8wbXk3IGYuXKM9xGuq/Kp+kVlLXe0b9F42Y3A0XbFHQeUlcyzPN0/IXP3vn+RXBBCX8shpkQdogAJZecFd8UgqT8tGCYQqelIOaBE/jOztKzJ/LlDamdKTOYf7vZNe3I77HYbBn8zbKHNL60LYEpWvUGVJQ/MFrco4poazYY8tagfCm9TYRKj08vCnmS3XPoyfW0TJSEMoLxPHbZPsFaO7kQ3XN69DNtUYEJkl6dsubZFs5oOZfLsfZtc=",
        "ansible_ssh_host_key_rsa_public_keytype": "ssh-rsa",
        "ansible_swapfree_mb": 0,
        "ansible_swaptotal_mb": 0,
        "ansible_system": "Linux",
        "ansible_system_capabilities": [],
        "ansible_system_capabilities_enforced": "False",
        "ansible_system_vendor": "Alibaba Cloud",
        "ansible_uptime_seconds": 108,
        "ansible_user_dir": "/root",
        "ansible_user_gecos": "root",
        "ansible_user_gid": 0,
        "ansible_user_id": "root",
        "ansible_user_shell": "/bin/bash",
        "ansible_user_uid": 0,
        "ansible_userspace_architecture": "x86_64",
        "ansible_userspace_bits": "64",
        "ansible_virtualization_role": "guest",
        "ansible_virtualization_tech_guest": [],
        "ansible_virtualization_tech_host": [
            "kvm"
        ],
        "ansible_virtualization_type": "kvm",
        "discovered_interpreter_python": "/usr/bin/python3",
        "gather_subset": [
            "all"
        ],
        "module_setup": true
    },
    "changed": false
}
