ubuntu | SUCCESS => {
    "ansible_facts": {
        "ansible_all_ipv4_addresses": [
            "192.168.0.251"
        ],
        "ansible_all_ipv6_addresses": [
            "fe80::216:3eff:fe30:b288"
        ],
        "ansible_apparmor": {
            "status": "enabled"
        },
        "ansible_architecture": "x86_64",
        "ansible_bios_date": "04/01/2014",
        "ansible_bios_vendor": "SeaBIOS",
        "ansible_bios_version": "8f19b21",
        "ansible_board_asset_tag": "NA",
        "ansible_board_name": "NA",
        "ansible_board_serial": "NA",
        "ansible_board_vendor": "NA",
        "ansible_board_version": "NA",
        "ansible_chassis_asset_tag": "NA",
        "ansible_chassis_serial": "NA",
        "ansible_chassis_vendor": "Alibaba Cloud",
        "ansible_chassis_version": "pc-i440fx-2.1",
        "ansible_cmdline": {
            "BOOT_IMAGE": "/boot/vmlinuz-5.4.0-92-generic",
            "console": "ttyS0,115200n8",
            "net.ifnames": "0",
            "noibrs": true,
            "nvme_core.admin_timeout": "4294967295",
            "nvme_core.io_timeout": "4294967295",
            "quiet": true,
            "ro": true,
            "root": "UUID=3d5af7aa-dd5c-4ed3-b38a-e74236d4d773",
            "vga": "792"
        },
        "ansible_date_time": {
            "date": "2022-01-27",
            "day": "27",
            "epoch": "1643262678",
            "hour": "13",
            "iso8601": "2022-01-27T05:51:18Z",
            "iso8601_basic": "20220127T135118487678",
            "iso8601_basic_short": "20220127T135118",
            "iso8601_micro": "2022-01-27T05:51:18.487678Z",
            "minute": "51",
            "month": "01",
            "second": "18",
            "time": "13:51:18",
            "tz": "CST",
            "tz_dst": "CST",
            "tz_offset": "+0800",
            "weekday": "Thursday",
            "weekday_number": "4",
            "weeknumber": "04",
            "year": "2022"
        },
        "ansible_default_ipv4": {
            "address": "192.168.0.251",
            "alias": "eth0",
            "broadcast": "192.168.0.255",
            "gateway": "192.168.0.253",
            "interface": "eth0",
            "macaddress": "00:16:3e:30:b2:88",
            "mtu": 1500,
            "netmask": "255.255.255.0",
            "network": "192.168.0.0",
            "type": "ether"
        },
        "ansible_default_ipv6": {},
        "ansible_device_links": {
            "ids": {
                "vda": [
                    "virtio-uf6izqek63j6t0x78il3"
                ],
                "vda1": [
                    "virtio-uf6izqek63j6t0x78il3-part1"
                ]
            },
            "labels": {
                "vda1": [
                    "\\x2f"
                ]
            },
            "masters": {},
            "uuids": {
                "vda1": [
                    "3d5af7aa-dd5c-4ed3-b38a-e74236d4d773"
                ]
            }
        },
        "ansible_devices": {
            "loop0": {
                "holders": [],
                "host": "",
                "links": {
                    "ids": [],
                    "labels": [],
                    "masters": [],
                    "uuids": []
                },
                "model": null,
                "partitions": {},
                "removable": "0",
                "rotational": "1",
                "sas_address": null,
                "sas_device_handle": null,
                "scheduler_mode": "mq-deadline",
                "sectors": "0",
                "sectorsize": "512",
                "size": "0.00 Bytes",
                "support_discard": "0",
                "vendor": null,
                "virtual": 1
            },
            "loop1": {
                "holders": [],
                "host": "",
                "links": {
                    "ids": [],
                    "labels": [],
                    "masters": [],
                    "uuids": []
                },
                "model": null,
                "partitions": {},
                "removable": "0",
                "rotational": "1",
                "sas_address": null,
                "sas_device_handle": null,
                "scheduler_mode": "mq-deadline",
                "sectors": "0",
                "sectorsize": "512",
                "size": "0.00 Bytes",
                "support_discard": "0",
                "vendor": null,
                "virtual": 1
            },
            "loop2": {
                "holders": [],
                "host": "",
                "links": {
                    "ids": [],
                    "labels": [],
                    "masters": [],
                    "uuids": []
                },
                "model": null,
                "partitions": {},
                "removable": "0",
                "rotational": "1",
                "sas_address": null,
                "sas_device_handle": null,
                "scheduler_mode": "mq-deadline",
                "sectors": "0",
                "sectorsize": "512",
                "size": "0.00 Bytes",
                "support_discard": "0",
                "vendor": null,
                "virtual": 1
            },
            "loop3": {
                "holders": [],
                "host": "",
                "links": {
                    "ids": [],
                    "labels": [],
                    "masters": [],
                    "uuids": []
                },
                "model": null,
                "partitions": {},
                "removable": "0",
                "rotational": "1",
                "sas_address": null,
                "sas_device_handle": null,
                "scheduler_mode": "mq-deadline",
                "sectors": "0",
                "sectorsize": "512",
                "size": "0.00 Bytes",
                "support_discard": "0",
                "vendor": null,
                "virtual": 1
            },
            "loop4": {
                "holders": [],
                "host": "",
                "links": {
                    "ids": [],
                    "labels": [],
                    "masters": [],
                    "uuids": []
                },
                "model": null,
                "partitions": {},
                "removable": "0",
                "rotational": "1",
                "sas_address": null,
                "sas_device_handle": null,
                "scheduler_mode": "mq-deadline",
                "sectors": "0",
                "sectorsize": "512",
                "size": "0.00 Bytes",
                "support_discard": "0",
                "vendor": null,
                "virtual": 1
            },
            "loop5": {
                "holders": [],
                "host": "",
                "links": {
                    "ids": [],
                    "labels": [],
                    "masters": [],
                    "uuids": []
                },
                "model": null,
                "partitions": {},
                "removable": "0",
                "rotational": "1",
                "sas_address": null,
                "sas_device_handle": null,
                "scheduler_mode": "mq-deadline",
                "sectors": "0",
                "sectorsize": "512",
                "size": "0.00 Bytes",
                "support_discard": "0",
                "vendor": null,
                "virtual": 1
            },
            "loop6": {
                "holders": [],
                "host": "",
                "links": {
                    "ids": [],
                    "labels": [],
                    "masters": [],
                    "uuids": []
                },
                "model": null,
                "partitions": {},
                "removable": "0",
                "rotational": "1",
                "sas_address": null,
                "sas_device_handle": null,
                "scheduler_mode": "mq-deadline",
                "sectors": "0",
                "sectorsize": "512",
                "size": "0.00 Bytes",
                "support_discard": "0",
                "vendor": null,
                "virtual": 1
            },
            "loop7": {
                "holders": [],
                "host": "",
                "links": {
                    "ids": [],
                    "labels": [],
                    "masters": [],
                    "uuids": []
                },
                "model": null,
                "partitions": {},
                "removable": "0",
                "rotational": "1",
                "sas_address": null,
                "sas_device_handle": null,
                "scheduler_mode": "mq-deadline",
                "sectors": "0",
                "sectorsize": "512",
                "size": "0.00 Bytes",
                "support_discard": "0",
                "vendor": null,
                "virtual": 1
            },
            "vda": {
                "holders": [],
                "host": "SCSI storage controller: Red Hat, Inc. Virtio block device",
                "links": {
                    "ids": [
                        "virtio-uf6izqek63j6t0x78il3"
                    ],
                    "labels": [],
                    "masters": [],
                    "uuids": []
                },
                "model": null,
                "partitions": {
                    "vda1": {
                        "holders": [],
                        "links": {
                            "ids": [
                                "virtio-uf6izqek63j6t0x78il3-part1"
                            ],
                            "labels": [
                                "\\x2f"
                            ],
                            "masters": [],
                            "uuids": [
                                "3d5af7aa-dd5c-4ed3-b38a-e74236d4d773"
                            ]
                        },
                        "sectors": "83883999",
                        "sectorsize": 512,
                        "size": "40.00 GB",
                        "start": "2048",
                        "uuid": "3d5af7aa-dd5c-4ed3-b38a-e74236d4d773"
                    }
                },
                "removable": "0",
                "rotational": "1",
                "sas_address": null,
                "sas_device_handle": null,
                "scheduler_mode": "mq-deadline",
                "sectors": "83886080",
                "sectorsize": "512",
                "size": "40.00 GB",
                "support_discard": "0",
                "vendor": "0x1af4",
                "virtual": 1
            }
        },
        "ansible_distribution": "Ubuntu",
        "ansible_distribution_file_parsed": true,
        "ansible_distribution_file_path": "/etc/os-release",
        "ansible_distribution_file_variety": "Debian",
        "ansible_distribution_major_version": "20",
        "ansible_distribution_release": "focal",
        "ansible_distribution_version": "20.04",
        "ansible_dns": {
            "nameservers": [
                "127.0.0.53"
            ],
            "options": {
                "attempts": "3",
                "rotate": true,
                "single-request-reopen": true,
                "timeout": "2"
            }
        },
        "ansible_domain": "",
        "ansible_effective_group_id": 0,
        "ansible_effective_user_id": 0,
        "ansible_env": {
            "HOME": "/root",
            "LANG": "en_US.UTF-8",
            "LOGNAME": "root",
            "MOTD_SHOWN": "pam",
            "PATH": "/usr/local/sbin:/usr/local/bin:/usr/sbin:/usr/bin:/sbin:/bin:/usr/games:/usr/local/games:/snap/bin",
            "PWD": "/root",
            "SHELL": "/bin/bash",
            "SHLVL": "0",
            "SSH_CLIENT": "192.168.0.250 44252 22",
            "SSH_CONNECTION": "192.168.0.250 44252 192.168.0.251 22",
            "SSH_TTY": "/dev/pts/0",
            "TERM": "xterm",
            "USER": "root",
            "XDG_RUNTIME_DIR": "/run/user/0",
            "XDG_SESSION_CLASS": "user",
            "XDG_SESSION_ID": "1",
            "XDG_SESSION_TYPE": "tty",
            "_": "/bin/sh"
        },
        "ansible_eth0": {
            "active": true,
            "device": "eth0",
            "features": {
                "esp_hw_offload": "off [fixed]",
                "esp_tx_csum_hw_offload": "off [fixed]",
                "fcoe_mtu": "off [fixed]",
                "generic_receive_offload": "on",
                "generic_segmentation_offload": "on",
                "highdma": "on [fixed]",
                "hw_tc_offload": "off [fixed]",
                "l2_fwd_offload": "off [fixed]",
                "large_receive_offload": "off [fixed]",
                "loopback": "off [fixed]",
                "netns_local": "off [fixed]",
                "ntuple_filters": "off [fixed]",
                "receive_hashing": "off [fixed]",
                "rx_all": "off [fixed]",
                "rx_checksumming": "on [fixed]",
                "rx_fcs": "off [fixed]",
                "rx_gro_hw": "on [fixed]",
                "rx_udp_tunnel_port_offload": "off [fixed]",
                "rx_vlan_filter": "off [fixed]",
                "rx_vlan_offload": "off [fixed]",
                "rx_vlan_stag_filter": "off [fixed]",
                "rx_vlan_stag_hw_parse": "off [fixed]",
                "scatter_gather": "on",
                "tcp_segmentation_offload": "on",
                "tls_hw_record": "off [fixed]",
                "tls_hw_rx_offload": "off [fixed]",
                "tls_hw_tx_offload": "off [fixed]",
                "tx_checksum_fcoe_crc": "off [fixed]",
                "tx_checksum_ip_generic": "on",
                "tx_checksum_ipv4": "off [fixed]",
                "tx_checksum_ipv6": "off [fixed]",
                "tx_checksum_sctp": "off [fixed]",
                "tx_checksumming": "on",
                "tx_esp_segmentation": "off [fixed]",
                "tx_fcoe_segmentation": "off [fixed]",
                "tx_gre_csum_segmentation": "off [fixed]",
                "tx_gre_segmentation": "off [fixed]",
                "tx_gso_partial": "off [fixed]",
                "tx_gso_robust": "on [fixed]",
                "tx_ipxip4_segmentation": "off [fixed]",
                "tx_ipxip6_segmentation": "off [fixed]",
                "tx_lockless": "off [fixed]",
                "tx_nocache_copy": "off",
                "tx_scatter_gather": "on",
                "tx_scatter_gather_fraglist": "off [fixed]",
                "tx_sctp_segmentation": "off [fixed]",
                "tx_tcp6_segmentation": "on",
                "tx_tcp_ecn_segmentation": "on",
                "tx_tcp_mangleid_segmentation": "off",
                "tx_tcp_segmentation": "on",
                "tx_udp_segmentation": "off [fixed]",
                "tx_udp_tnl_csum_segmentation": "off [fixed]",
                "tx_udp_tnl_segmentation": "off [fixed]",
                "tx_vlan_offload": "off [fixed]",
                "tx_vlan_stag_hw_insert": "off [fixed]",
                "vlan_challenged": "off [fixed]"
            },
            "hw_timestamp_filters": [],
            "ipv4": {
                "address": "192.168.0.251",
                "broadcast": "192.168.0.255",
                "netmask": "255.255.255.0",
                "network": "192.168.0.0"
            },
            "ipv6": [
                {
                    "address": "fe80::216:3eff:fe30:b288",
                    "prefix": "64",
                    "scope": "link"
                }
            ],
            "macaddress": "00:16:3e:30:b2:88",
            "module": "virtio_net",
            "mtu": 1500,
            "pciid": "virtio2",
            "promisc": false,
            "speed": -1,
            "timestamping": [
                "tx_software",
                "rx_software",
                "software"
            ],
            "type": "ether"
        },
        "ansible_fibre_channel_wwn": [],
        "ansible_fips": false,
        "ansible_form_factor": "Other",
        "ansible_fqdn": "iZuf6e2wna987uxv32zof2Z",
        "ansible_hostname": "iZuf6e2wna987uxv32zof2Z",
        "ansible_hostnqn": "",
        "ansible_interfaces": [
            "lo",
            "eth0"
        ],
        "ansible_is_chroot": false,
        "ansible_iscsi_iqn": "",
        "ansible_kernel": "5.4.0-92-generic",
        "ansible_kernel_version": "#103-Ubuntu SMP Fri Nov 26 16:13:00 UTC 2021",
        "ansible_lo": {
            "active": true,
            "device": "lo",
            "features": {
                "esp_hw_offload": "off [fixed]",
                "esp_tx_csum_hw_offload": "off [fixed]",
                "fcoe_mtu": "off [fixed]",
                "generic_receive_offload": "on",
                "generic_segmentation_offload": "on",
                "highdma": "on [fixed]",
                "hw_tc_offload": "off [fixed]",
                "l2_fwd_offload": "off [fixed]",
                "large_receive_offload": "off [fixed]",
                "loopback": "on [fixed]",
                "netns_local": "on [fixed]",
                "ntuple_filters": "off [fixed]",
                "receive_hashing": "off [fixed]",
                "rx_all": "off [fixed]",
                "rx_checksumming": "on [fixed]",
                "rx_fcs": "off [fixed]",
                "rx_gro_hw": "off [fixed]",
                "rx_udp_tunnel_port_offload": "off [fixed]",
                "rx_vlan_filter": "off [fixed]",
                "rx_vlan_offload": "off [fixed]",
                "rx_vlan_stag_filter": "off [fixed]",
                "rx_vlan_stag_hw_parse": "off [fixed]",
                "scatter_gather": "on",
                "tcp_segmentation_offload": "on",
                "tls_hw_record": "off [fixed]",
                "tls_hw_rx_offload": "off [fixed]",
                "tls_hw_tx_offload": "off [fixed]",
                "tx_checksum_fcoe_crc": "off [fixed]",
                "tx_checksum_ip_generic": "on [fixed]",
                "tx_checksum_ipv4": "off [fixed]",
                "tx_checksum_ipv6": "off [fixed]",
                "tx_checksum_sctp": "on [fixed]",
                "tx_checksumming": "on",
                "tx_esp_segmentation": "off [fixed]",
                "tx_fcoe_segmentation": "off [fixed]",
                "tx_gre_csum_segmentation": "off [fixed]",
                "tx_gre_segmentation": "off [fixed]",
                "tx_gso_partial": "off [fixed]",
                "tx_gso_robust": "off [fixed]",
                "tx_ipxip4_segmentation": "off [fixed]",
                "tx_ipxip6_segmentation": "off [fixed]",
                "tx_lockless": "on [fixed]",
                "tx_nocache_copy": "off [fixed]",
                "tx_scatter_gather": "on [fixed]",
                "tx_scatter_gather_fraglist": "on [fixed]",
                "tx_sctp_segmentation": "on",
                "tx_tcp6_segmentation": "on",
                "tx_tcp_ecn_segmentation": "on",
                "tx_tcp_mangleid_segmentation": "on",
                "tx_tcp_segmentation": "on",
                "tx_udp_segmentation": "off [fixed]",
                "tx_udp_tnl_csum_segmentation": "off [fixed]",
                "tx_udp_tnl_segmentation": "off [fixed]",
                "tx_vlan_offload": "off [fixed]",
                "tx_vlan_stag_hw_insert": "off [fixed]",
                "vlan_challenged": "on [fixed]"
            },
            "hw_timestamp_filters": [],
            "ipv4": {
                "address": "127.0.0.1",
                "broadcast": "",
                "netmask": "255.0.0.0",
                "network": "127.0.0.0"
            },
            "ipv6": [
                {
                    "address": "::1",
                    "prefix": "128",
                    "scope": "host"
                }
            ],
            "mtu": 65536,
            "promisc": false,
            "timestamping": [
                "tx_software",
                "rx_software",
                "software"
            ],
            "type": "loopback"
        },
        "ansible_local": {},
        "ansible_lsb": {
            "codename": "focal",
            "description": "Ubuntu 20.04.3 LTS",
            "id": "Ubuntu",
            "major_release": "20",
            "release": "20.04"
        },
        "ansible_machine": "x86_64",
        "ansible_machine_id": "20211227101608900922732804716574",
        "ansible_memfree_mb": 1599,
        "ansible_memory_mb": {
            "nocache": {
                "free": 1754,
                "used": 147
            },
            "real": {
                "free": 1599,
                "total": 1901,
                "used": 302
            },
            "swap": {
                "cached": 0,
                "free": 0,
                "total": 0,
                "used": 0
            }
        },
        "ansible_memtotal_mb": 1901,
        "ansible_mounts": [
            {
                "block_available": 8859495,
                "block_size": 4096,
                "block_total": 10288203,
                "block_used": 1428708,
                "device": "/dev/vda1",
                "fstype": "ext4",
                "inode_available": 2496502,
                "inode_total": 2621440,
                "inode_used": 124938,
                "mount": "/",
                "options": "rw,relatime,errors=remount-ro",
                "size_available": 36288491520,
                "size_total": 42140479488,
                "uuid": "3d5af7aa-dd5c-4ed3-b38a-e74236d4d773"
            }
        ],
        "ansible_nodename": "iZuf6e2wna987uxv32zof2Z",
        "ansible_os_family": "Debian",
        "ansible_pkg_mgr": "apt",
        "ansible_proc_cmdline": {
            "BOOT_IMAGE": "/boot/vmlinuz-5.4.0-92-generic",
            "console": [
                "tty0",
                "ttyS0,115200n8"
            ],
            "net.ifnames": "0",
            "noibrs": true,
            "nvme_core.admin_timeout": "4294967295",
            "nvme_core.io_timeout": "4294967295",
            "quiet": true,
            "ro": true,
            "root": "UUID=3d5af7aa-dd5c-4ed3-b38a-e74236d4d773",
            "vga": "792"
        },
        "ansible_processor": [
            "0",
            "GenuineIntel",
            "Intel(R) Xeon(R) Platinum 8269CY CPU @ 2.50GHz"
        ],
        "ansible_processor_cores": 1,
        "ansible_processor_count": 1,
        "ansible_processor_nproc": 1,
        "ansible_processor_threads_per_core": 1,
        "ansible_processor_vcpus": 1,
        "ansible_product_name": "Alibaba Cloud ECS",
        "ansible_product_serial": "578df4ce-61a4-4150-9a87-843d1c94dee0",
        "ansible_product_uuid": "578df4ce-61a4-4150-9a87-843d1c94dee0",
        "ansible_product_version": "pc-i440fx-2.1",
        "ansible_python": {
            "executable": "/usr/bin/python3",
            "has_sslcontext": true,
            "type": "cpython",
            "version": {
                "major": 3,
                "micro": 10,
                "minor": 8,
                "releaselevel": "final",
                "serial": 0
            },
            "version_info": [
                3,
                8,
                10,
                "final",
                0
            ]
        },
        "ansible_python_version": "3.8.10",
        "ansible_real_group_id": 0,
        "ansible_real_user_id": 0,
        "ansible_selinux": {
            "status": "disabled"
        },
        "ansible_selinux_python_present": true,
        "ansible_service_mgr": "systemd",
        "ansible_ssh_host_key_dsa_public": "AAAAB3NzaC1kc3MAAACBAKCo5zkVWgEcuIE5jNUg9iF+nfFZ02P2ZO3LMFgzNtys8WyTP7V9ccC1IRLlTv8URUVWVlWNquVrQWqYKi4cQn/HIl7AnGAatprLBNWn8Xjf87q2wddKDnAJyui556vQgqxd+mIDbarVKYlPnNL2vOHUVbdrcGvcogvq3ubmQMRDAAAAFQD1GtvEFbg/cXNNLbI5NdzxhTBuOQAAAIApgw+VygtILESADPsL4Fb4ex9CQ3qP+9nPPmtKvELqazOqoHGMIrqYE7IFJCkKFnDzWWMiN1z+Qr9tz/OVy+w4rYVtXA9P4o3ourTFEpozOKRfMSxdZlLCfU7gi4iNIZxS/3cDzJoJWIy1pNF52ZVkIE/Jl21GQfsiCtJm9k2NdgAAAIB5ZJVmrmMJ2d75j4ttcm57jj5Jb6lsaflZal/UbfhY8CysHEpE6eJsR7cDKGfsKP14ZzVLHvkSFTkrZ1KHYThEBqcBuM4NlrtpjSSCJD42iWriyR/9WvVWExCso3DPu+Ov6a9AsTsC6Xf83UDYfLmkkZCxMqZ6olpjmUC9wi9Tzg==",
        "ansible_ssh_host_key_dsa_public_keytype": "ssh-dss",
        "ansible_ssh_host_key_ecdsa_public": "AAAAE2VjZHNhLXNoYTItbmlzdHAyNTYAAAAIbmlzdHAyNTYAAABBBIFeBhKWKjvs0Q3pZ31LwiZGMDWlzBzWHHxGfg3HQXBLn/AdjtDmwFw/0yHntBZKfk6Rjs6pruhOPT7h5MW/7WQ=",
        "ansible_ssh_host_key_ecdsa_public_keytype": "ecdsa-sha2-nistp256",
        "ansible_ssh_host_key_ed25519_public": "AAAAC3NzaC1lZDI1NTE5AAAAIGsg/owuTRDs2UJDxFme3R44NMXE01lcr8w1RRemODYv",
        "ansible_ssh_host_key_ed25519_public_keytype": "ssh-ed25519",
        "ansible_ssh_host_key_rsa_public": "AAAAB3NzaC1yc2EAAAADAQABAAABgQDQSjYO45L1yR0qYRnBv4gsn9u73XE2YGJpCNTRJXoBxFtIbvCPgsLbGLU01P/lIsbKZxzaSuYa2kpGaqrjlxH2LwLBlm1KAA1InYSUi7ZKgpkjKuqZsQ/GOkiuhmgfCGvPcq1z58kDqOYrbdltfDttN5e1Hs+XwhWjdHWPSn04wLSMID5v1LR0pCgD/ViTQ7TKJTh7IlDBZy/Z2uBKI/QEl79U8Tg5EJD7d1XsaOk8yBYrBN7jFt2IJm7ZAL1rb4gqVJXtWePZFJJn/WGmzCHG2cyGHDX6c8eTouazAAKRA4u962YkYOqb5PK7p3xsHO/zEDG+C6zQt1xwhROgJ+ISbMj7xph8kPEk6PCmlXqblXtl13EVKG0UQrXjHfoZs7KnVZH3gqcfyvsvuX6OX/LnfVv1liZ6hT+CZszScIUhSXtPFsh9+iXQ/T1HypVBDYNihxXmuahhLqgj4/4TXbeR7LJdJpbFJ2o2gR3Z2+pmsk/d7MM5lPYAvV1OphZ+kqU=",
        "ansible_ssh_host_key_rsa_public_keytype": "ssh-rsa",
        "ansible_swapfree_mb": 0,
        "ansible_swaptotal_mb": 0,
        "ansible_system": "Linux",
        "ansible_system_capabilities": [],
        "ansible_system_capabilities_enforced": "False",
        "ansible_system_vendor": "Alibaba Cloud",
        "ansible_uptime_seconds": 110,
        "ansible_user_dir": "/root",
        "ansible_user_gecos": "root",
        "ansible_user_gid": 0,
        "ansible_user_id": "root",
        "ansible_user_shell": "/bin/bash",
        "ansible_user_uid": 0,
        "ansible_userspace_architecture": "x86_64",
        "ansible_userspace_bits": "64",
        "ansible_virtualization_role": "NA",
        "ansible_virtualization_tech_guest": [],
        "ansible_virtualization_tech_host": [],
        "ansible_virtualization_type": "NA",
        "discovered_interpreter_python": "/usr/bin/python3",
        "gather_subset": [
            "all"
        ],
        "module_setup": true
    },
    "changed": false
}
